<?xml version="1.0" encoding="UTF-8"?>
<testsuite xmlns:xsi="http://www.w3.org/2001/XMLSchema-instance" xsi:noNamespaceSchemaLocation="https://maven.apache.org/surefire/maven-surefire-plugin/xsd/surefire-test-report.xsd" version="3.0.2" name="es27.pkg5.MainTest" time="0.317" tests="3" errors="0" skipped="0" failures="0">
  <properties>
[...]
</properties>
  <testcase name="testTryInsideLoopRecovers" classname="es27.pkg5.MainTest" time="0.186">
    <system-out><![CDATA[  [Dentro Loop] Elaborato indice 0: 10
  [Dentro Loop] Elaborato indice 1: 20
  [Dentro Loop] Errore locale all'indice 2 ('ERRORE'): elemento saltato, si procede!
  [Dentro Loop] Elaborato indice 3: 40
]]></system-out>
  </testcase>
  <testcase name="testMainExecution" classname="es27.pkg5.MainTest" time="0.01">
    <system-out><![CDATA[=== es27.pkg5: Eccezioni e Cicli (Loops and Exceptions) ===

--- Scenario 1: Try DENTRO il ciclo ---
  [Dentro Loop] Elaborato indice 0: 10
  [Dentro Loop] Elaborato indice 1: 20
  [Dentro Loop] Errore locale all'indice 2 ('ERRORE'): elemento saltato, si procede!
  [Dentro Loop] Elaborato indice 3: 40
Risultato Scenario 1 (elementi recuperati): [10, 20, 40]

--- Scenario 2: Try FUORI dal ciclo ---
  [Fuori Loop] Elaborato indice 0: 10
  [Fuori Loop] Elaborato indice 1: 20
  [Fuori Loop] Errore globale intercettato: interruzione totale del ciclo per dato non valido ('For input string: "ERRORE"')!
Risultato Scenario 2 (elementi prima del blocco): [10, 20]
=== es27.pkg5: Eccezioni e Cicli (Loops and Exceptions) ===

--- Scenario 1: Try DENTRO il ciclo ---
  [Dentro Loop] Elaborato indice 0: 10
  [Dentro Loop] Elaborato indice 1: 20
  [Dentro Loop] Errore locale all'indice 2 ('ERRORE'): elemento saltato, si procede!
  [Dentro Loop] Elaborato indice 3: 40
Risultato Scenario 1 (elementi recuperati): [10, 20, 40]

--- Scenario 2: Try FUORI dal ciclo ---
  [Fuori Loop] Elaborato indice 0: 10
  [Fuori Loop] Elaborato indice 1: 20
  [Fuori Loop] Errore globale intercettato: interruzione totale del ciclo per dato non valido ('For input string: "ERRORE"')!
Risultato Scenario 2 (elementi prima del blocco): [10, 20]
]]></system-out>
  </testcase>
  <testcase name="testTryOutsideLoopAborts" classname="es27.pkg5.MainTest" time="0.012">
    <system-out><![CDATA[  [Fuori Loop] Elaborato indice 0: 10
  [Fuori Loop] Elaborato indice 1: 20
  [Fuori Loop] Errore globale intercettato: interruzione totale del ciclo per dato non valido ('For input string: "ERRORE"')!
]]></system-out>
  </testcase>
</testsuite>