<?xml version="1.0" encoding="UTF-8"?>
<testsuite xmlns:xsi="http://www.w3.org/2001/XMLSchema-instance" xsi:noNamespaceSchemaLocation="https://maven.apache.org/surefire/maven-surefire-plugin/xsd/surefire-test-report.xsd" version="3.0.2" name="es27.pkg6.MainTest" time="0.337" tests="6" errors="0" skipped="0" failures="0">
  <properties>
[...]
</properties>
  <testcase name="testCase2_PropagateThrowsFileNotFoundException" classname="es27.pkg6.MainTest" time="0.009">
    <system-out><![CDATA[  [Dummy.foo - Caso 2] Tentativo di apertura file (con delega al chiamante): file_assolutamente_inesistente_12345.txt
]]></system-out>
  </testcase>
  <testcase name="testCase3_CatchAndRethrowThrowsFileNotFoundException" classname="es27.pkg6.MainTest" time="0.011">
    <system-out><![CDATA[  [Dummy.foo - Caso 3] Tentativo di apertura file (cattura locale + re-throw): file_assolutamente_inesistente_12345.txt
  [Dummy.foo - Caso 3] -> Intercettata localmente per log di diagnostica!
  [Dummy.foo - Caso 3] -> Ora rilancio l'eccezione al chiamante con 'throw fnf'...
]]></system-out>
  </testcase>
  <testcase name="testCase1_DirectCatchHandlesInternally" classname="es27.pkg6.MainTest" time="0.01">
    <system-out><![CDATA[  [Dummy.foo - Caso 1] Tentativo di apertura file: file_assolutamente_inesistente_12345.txt
  [Dummy.foo - Caso 1] -> Eccezione catturata localmente: file_assolutamente_inesistente_12345.txt (File o directory non esistente)
  [Dummy.foo - Caso 1] -> Gestione completata: nessuna eccezione propagata al chiamante.
]]></system-out>
  </testcase>
  <testcase name="testMainExecution" classname="es27.pkg6.MainTest" time="0.03">
    <system-out><![CDATA[=== es27.pkg6: Le 3 Strategie di Gestione delle Eccezioni (Slide T17 p.17-19) ===

--- Caso 1 (Slide 17): Cattura Diretta (Directly Catch) ---
Il chiamante invoca dummy.fooCase1_DirectCatch()...
  [Dummy.foo - Caso 1] Tentativo di apertura file: file_inesistente_per_test.txt
  [Dummy.foo - Caso 1] -> Eccezione catturata localmente: file_inesistente_per_test.txt (File o directory non esistente)
  [Dummy.foo - Caso 1] -> Gestione completata: nessuna eccezione propagata al chiamante.
-> Il chiamante continua regolarmente senza interruzioni.

--- Caso 2 (Slide 18): Propagazione al Chiamante (Propagate to Caller) ---
Il chiamante invoca dummy.fooCase2_Propagate()...
  [Dummy.foo - Caso 2] Tentativo di apertura file (con delega al chiamante): file_inesistente_per_test.txt
-> Eccezione intercettata dal chiamante (nel main): file_inesistente_per_test.txt (File o directory non esistente)
-> Il metodo foo non l'ha gestita: l'ha delegata interamente a monte!

--- Caso 3 (Slide 19): Cattura e Rilancio (Catch and Re-throw) ---
Il chiamante invoca dummy.fooCase3_CatchAndRethrow()...
  [Dummy.foo - Caso 3] Tentativo di apertura file (cattura locale + re-throw): file_inesistente_per_test.txt
  [Dummy.foo - Caso 3] -> Intercettata localmente per log di diagnostica!
  [Dummy.foo - Caso 3] -> Ora rilancio l'eccezione al chiamante con 'throw fnf'...
-> Eccezione rilanciata intercettata dal chiamante (nel main): file_inesistente_per_test.txt (File o directory non esistente)
-> Il metodo foo ha eseguito log/cleanup locale e poi ha rilanciato con 'throw fnf'.

--- Caso Happy Path: Quando il file ESISTE ---
Creato file temporaneo: demo_es27_8261081947128923643.txt
  [Dummy.foo - Caso 1] Tentativo di apertura file: /tmp/demo_es27_8261081947128923643.txt
  [Dummy.foo - Caso 1] File aperto con successo!
  [Dummy.foo - Caso 2] Tentativo di apertura file (con delega al chiamante): /tmp/demo_es27_8261081947128923643.txt
  [Dummy.foo - Caso 3] Tentativo di apertura file (cattura locale + re-throw): /tmp/demo_es27_8261081947128923643.txt
-> Tutti e 3 i metodi sono stati eseguiti con successo senza sollevare eccezioni.
=== es27.pkg6: Le 3 Strategie di Gestione delle Eccezioni (Slide T17 p.17-19) ===

--- Caso 1 (Slide 17): Cattura Diretta (Directly Catch) ---
Il chiamante invoca dummy.fooCase1_DirectCatch()...
  [Dummy.foo - Caso 1] Tentativo di apertura file: file_inesistente_per_test.txt
  [Dummy.foo - Caso 1] -> Eccezione catturata localmente: file_inesistente_per_test.txt (File o directory non esistente)
  [Dummy.foo - Caso 1] -> Gestione completata: nessuna eccezione propagata al chiamante.
-> Il chiamante continua regolarmente senza interruzioni.

--- Caso 2 (Slide 18): Propagazione al Chiamante (Propagate to Caller) ---
Il chiamante invoca dummy.fooCase2_Propagate()...
  [Dummy.foo - Caso 2] Tentativo di apertura file (con delega al chiamante): file_inesistente_per_test.txt
-> Eccezione intercettata dal chiamante (nel main): file_inesistente_per_test.txt (File o directory non esistente)
-> Il metodo foo non l'ha gestita: l'ha delegata interamente a monte!

--- Caso 3 (Slide 19): Cattura e Rilancio (Catch and Re-throw) ---
Il chiamante invoca dummy.fooCase3_CatchAndRethrow()...
  [Dummy.foo - Caso 3] Tentativo di apertura file (cattura locale + re-throw): file_inesistente_per_test.txt
  [Dummy.foo - Caso 3] -> Intercettata localmente per log di diagnostica!
  [Dummy.foo - Caso 3] -> Ora rilancio l'eccezione al chiamante con 'throw fnf'...
-> Eccezione rilanciata intercettata dal chiamante (nel main): file_inesistente_per_test.txt (File o directory non esistente)
-> Il metodo foo ha eseguito log/cleanup locale e poi ha rilanciato con 'throw fnf'.

--- Caso Happy Path: Quando il file ESISTE ---
Creato file temporaneo: demo_es27_9571535293808487149.txt
  [Dummy.foo - Caso 1] Tentativo di apertura file: /tmp/demo_es27_9571535293808487149.txt
  [Dummy.foo - Caso 1] File aperto con successo!
  [Dummy.foo - Caso 2] Tentativo di apertura file (con delega al chiamante): /tmp/demo_es27_9571535293808487149.txt
  [Dummy.foo - Caso 3] Tentativo di apertura file (cattura locale + re-throw): /tmp/demo_es27_9571535293808487149.txt
-> Tutti e 3 i metodi sono stati eseguiti con successo senza sollevare eccezioni.
]]></system-out>
  </testcase>
  <testcase name="testHappyPathWithExistingFile" classname="es27.pkg6.MainTest" time="0.021">
    <system-out><![CDATA[  [Dummy.foo - Caso 1] Tentativo di apertura file: /tmp/test_happy_path_12062469356214151629.txt
  [Dummy.foo - Caso 1] File aperto con successo!
  [Dummy.foo - Caso 2] Tentativo di apertura file (con delega al chiamante): /tmp/test_happy_path_12062469356214151629.txt
  [Dummy.foo - Caso 3] Tentativo di apertura file (cattura locale + re-throw): /tmp/test_happy_path_12062469356214151629.txt
]]></system-out>
  </testcase>
  <testcase name="testMyClassThrowsWhenDefaultFileNotFound" classname="es27.pkg6.MainTest" time="0.008">
    <system-out><![CDATA[  [Dummy.foo - Caso 2] Tentativo di apertura file (con delega al chiamante): file.txt
]]></system-out>
  </testcase>
</testsuite>