<?xml version="1.0" encoding="UTF-8"?>
<testsuite xmlns:xsi="http://www.w3.org/2001/XMLSchema-instance" xsi:noNamespaceSchemaLocation="https://maven.apache.org/surefire/maven-surefire-plugin/xsd/surefire-test-report.xsd" version="3.0.2" name="es27.pkg7.MainTest" time="0.057" tests="5" errors="0" skipped="0" failures="0">
  <properties>
[...]
</properties>
  <testcase name="testSlide27_TryInsideLoopSkipsFailedItemAndContinues" classname="es27.pkg7.MainTest" time="0.004">
    <system-out><![CDATA[  [Dentro Loop] Iterazione 0: elemento '1' elaborato con successo.
  [Dentro Loop] Iterazione 1: elemento '2' elaborato con successo.
  [Dentro Loop] Iterazione 2: ERRORE LOCALE intercettato (Dato non valido o corrotto: 'ERRORE'). Elemento scartato, si prosegue!
  [Dentro Loop] Iterazione 3: elemento '4' elaborato con successo.
  [Dentro Loop] Iterazione 4: elemento '5' elaborato con successo.
]]></system-out>
  </testcase>
  <testcase name="testSlide28_TryOutsideLoopAbortsEntireLoopOnException" classname="es27.pkg7.MainTest" time="0.001">
    <system-out><![CDATA[  [Fuori Loop] Iterazione 0: elemento '1' elaborato con successo.
  [Fuori Loop] Iterazione 1: elemento '2' elaborato con successo.
  [Fuori Loop] ERRORE GLOBALE intercettato all'iterazione 2 (Dato non valido o corrotto: 'ERRORE')!
  [Fuori Loop] Il ciclo while è stato INTERROTTO DEFINITIVAMENTE. Gli elementi successivi vengono ignorati.
]]></system-out>
  </testcase>
  <testcase name="testRiskyOperation" classname="es27.pkg7.MainTest" time="0.003"/>
  <testcase name="testMainExecution" classname="es27.pkg7.MainTest" time="0.007">
    <system-out><![CDATA[=== es27.pkg7: Exceptions and Loops (Slide T17 p. 27-28) ===
Dataset in input: [Dato_1, Dato_2, ERRORE, Dato_4, Dato_5]

--- 1. Slide 27: Try DENTRO il ciclo (recupero iterazione per iterazione) ---
  [Dentro Loop] Iterazione 0: elemento 'Dato_1' elaborato con successo.
  [Dentro Loop] Iterazione 1: elemento 'Dato_2' elaborato con successo.
  [Dentro Loop] Iterazione 2: ERRORE LOCALE intercettato (Dato non valido o corrotto: 'ERRORE'). Elemento scartato, si prosegue!
  [Dentro Loop] Iterazione 3: elemento 'Dato_4' elaborato con successo.
  [Dentro Loop] Iterazione 4: elemento 'Dato_5' elaborato con successo.
-> Risultato finale Slide 27: [Dato_1, Dato_2, Dato_4, Dato_5]
   (Nota: 'ERRORE' è stato saltato, ma 'Dato_4' e 'Dato_5' sono stati elaborati!)

--- 2. Slide 28: Try FUORI dal ciclo (errore critico per l'intero ciclo) ---
  [Fuori Loop] Iterazione 0: elemento 'Dato_1' elaborato con successo.
  [Fuori Loop] Iterazione 1: elemento 'Dato_2' elaborato con successo.
  [Fuori Loop] ERRORE GLOBALE intercettato all'iterazione 2 (Dato non valido o corrotto: 'ERRORE')!
  [Fuori Loop] Il ciclo while è stato INTERROTTO DEFINITIVAMENTE. Gli elementi successivi vengono ignorati.
-> Risultato finale Slide 28: [Dato_1, Dato_2]
   (Nota: il ciclo si è fermato a 'ERRORE'; 'Dato_4' e 'Dato_5' NON sono mai stati esaminati!)

--- 3. Slide 27: Pattern 'while (true)' con tentativi ripetuti ---
  [Retry while(true)] Tentativo con input: 'FAIL'
  [Retry while(true)] Fallito (Dato non valido o corrotto: 'FAIL'), riprovo al prossimo ciclo...
  [Retry while(true)] Tentativo con input: 'ERRORE'
  [Retry while(true)] Fallito (Dato non valido o corrotto: 'ERRORE'), riprovo al prossimo ciclo...
  [Retry while(true)] Tentativo con input: 'DATO_CORRETTO'
  [Retry while(true)] Successo! Esco dal ciclo con break.
-> Valore ottenuto con successo: DATO_CORRETTO
=== es27.pkg7: Exceptions and Loops (Slide T17 p. 27-28) ===
Dataset in input: [Dato_1, Dato_2, ERRORE, Dato_4, Dato_5]

--- 1. Slide 27: Try DENTRO il ciclo (recupero iterazione per iterazione) ---
  [Dentro Loop] Iterazione 0: elemento 'Dato_1' elaborato con successo.
  [Dentro Loop] Iterazione 1: elemento 'Dato_2' elaborato con successo.
  [Dentro Loop] Iterazione 2: ERRORE LOCALE intercettato (Dato non valido o corrotto: 'ERRORE'). Elemento scartato, si prosegue!
  [Dentro Loop] Iterazione 3: elemento 'Dato_4' elaborato con successo.
  [Dentro Loop] Iterazione 4: elemento 'Dato_5' elaborato con successo.
-> Risultato finale Slide 27: [Dato_1, Dato_2, Dato_4, Dato_5]
   (Nota: 'ERRORE' è stato saltato, ma 'Dato_4' e 'Dato_5' sono stati elaborati!)

--- 2. Slide 28: Try FUORI dal ciclo (errore critico per l'intero ciclo) ---
  [Fuori Loop] Iterazione 0: elemento 'Dato_1' elaborato con successo.
  [Fuori Loop] Iterazione 1: elemento 'Dato_2' elaborato con successo.
  [Fuori Loop] ERRORE GLOBALE intercettato all'iterazione 2 (Dato non valido o corrotto: 'ERRORE')!
  [Fuori Loop] Il ciclo while è stato INTERROTTO DEFINITIVAMENTE. Gli elementi successivi vengono ignorati.
-> Risultato finale Slide 28: [Dato_1, Dato_2]
   (Nota: il ciclo si è fermato a 'ERRORE'; 'Dato_4' e 'Dato_5' NON sono mai stati esaminati!)

--- 3. Slide 27: Pattern 'while (true)' con tentativi ripetuti ---
  [Retry while(true)] Tentativo con input: 'FAIL'
  [Retry while(true)] Fallito (Dato non valido o corrotto: 'FAIL'), riprovo al prossimo ciclo...
  [Retry while(true)] Tentativo con input: 'ERRORE'
  [Retry while(true)] Fallito (Dato non valido o corrotto: 'ERRORE'), riprovo al prossimo ciclo...
  [Retry while(true)] Tentativo con input: 'DATO_CORRETTO'
  [Retry while(true)] Successo! Esco dal ciclo con break.
-> Valore ottenuto con successo: DATO_CORRETTO
]]></system-out>
  </testcase>
  <testcase name="testRetryUntilSuccess" classname="es27.pkg7.MainTest" time="0.002">
    <system-out><![CDATA[  [Retry while(true)] Tentativo con input: 'FAIL'
  [Retry while(true)] Fallito (Dato non valido o corrotto: 'FAIL'), riprovo al prossimo ciclo...
  [Retry while(true)] Tentativo con input: 'ERRORE'
  [Retry while(true)] Fallito (Dato non valido o corrotto: 'ERRORE'), riprovo al prossimo ciclo...
  [Retry while(true)] Tentativo con input: 'VALORE_VALIDO'
  [Retry while(true)] Successo! Esco dal ciclo con break.
]]></system-out>
  </testcase>
</testsuite>