<?xml version="1.0" encoding="UTF-8"?>
<testsuite xmlns:xsi="http://www.w3.org/2001/XMLSchema-instance" xsi:noNamespaceSchemaLocation="https://maven.apache.org/surefire/maven-surefire-plugin/xsd/surefire-test-report.xsd" version="3.0.2" name="es27.MainTest" time="0.094" tests="1" errors="0" skipped="0" failures="0">
  <properties>
[...]
</properties>
  <testcase name="testTopLevelMainExecution" classname="es27.MainTest" time="0.087">
    <system-out><![CDATA[=================================================
  ESERCIZIO 27: ERROR HANDLING WITH EXCEPTIONS   
=================================================

=== es27.pkg1: Gestione Errori Tradizionale (Senza Eccezioni) ===

--- Test someFunc() ---
-> Errore intercettato dal chiamante: someFunc() ha restituito ERROR (-1).

--- Test readFile() ---
-> Errore operazione file. Codice restituito: -1
-> Lettura completata con successo per 'documento.txt' (Codice 0).

--- Test division() ---
-> Rilevato valore speciale di errore: divisione per zero (Float.MAX_VALUE).
-> Risultato divisione 10 / 2: 5.0

-------------------------------------------------

=== es27.pkg2: Generazione e Intercettazione Eccezioni Custom ===

--- Tentativo 1: pop() su stack vuoto ---
Esecuzione di stack.pop()...
Errore gestito nel blocco catch: Pop Failure - stack [StackId: 1234] empty]

--- Tentativo 2: pop() dopo push() ---
Estratto elemento: Dato B
Estratto elemento: Dato A
Tutto ok, elementi rimasti: 0

--- Dimostrazione: Propagazione a cascata di 'throws' lungo il Call Stack ---
Il main() chiama gestisciRichiesta(), che chiama elaboraElemento(),
che chiama prelevaElemento(), che infine invoca stack.pop()...
  [gestisciRichiesta] Invoco elaboraElemento()...
  [elaboraElemento] Invoco prelevaElemento()...
  [prelevaElemento] Invoco stack.pop()...
-> Eccezione intercettata nel main() al vertice della catena di chiamate!
   Messaggio eccezione: Pop Failure - stack [StackId: 1234] empty]
  [gestisciRichiesta] Invoco elaboraElemento()...
  [elaboraElemento] Invoco prelevaElemento()...
  [prelevaElemento] Invoco stack.pop()...
-> Successo lungo la catena a cascata: Elemento a cascata

-------------------------------------------------

=== es27.pkg3: Flusso di esecuzione con blocchi Catch Multipli ===
1. Inizio blocco try: invocazione f.open()...
-> Blocco catch (FileError): Impossibile aprire il file: foo.txt
Esecuzione continuata normalmente dopo il blocco try-catch.

-------------------------------------------------

=== es27.pkg4: Propagazione e Dirty Tricks (Checked vs Unchecked) ===
Invocazione di d.bar()...
-> Intercettata RuntimeException (Unchecked): Eccezione incapsulata da bar()
-> Causa sottostante recuperata con getCause(): es27.pkg4.MyException: Errore di basso livello generato in foo()
-> Tipo causa: MyException

-------------------------------------------------

=== es27.pkg5: Eccezioni e Cicli (Loops and Exceptions) ===

--- Scenario 1: Try DENTRO il ciclo ---
  [Dentro Loop] Elaborato indice 0: 10
  [Dentro Loop] Elaborato indice 1: 20
  [Dentro Loop] Errore locale all'indice 2 ('ERRORE'): elemento saltato, si procede!
  [Dentro Loop] Elaborato indice 3: 40
Risultato Scenario 1 (elementi recuperati): [10, 20, 40]

--- Scenario 2: Try FUORI dal ciclo ---
  [Fuori Loop] Elaborato indice 0: 10
  [Fuori Loop] Elaborato indice 1: 20
  [Fuori Loop] Errore globale intercettato: interruzione totale del ciclo per dato non valido ('For input string: "ERRORE"')!
Risultato Scenario 2 (elementi prima del blocco): [10, 20]

-------------------------------------------------

=== es27.pkg6: Le 3 Strategie di Gestione delle Eccezioni (Slide T17 p.17-19) ===

--- Caso 1 (Slide 17): Cattura Diretta (Directly Catch) ---
Il chiamante invoca dummy.fooCase1_DirectCatch()...
  [Dummy.foo - Caso 1] Tentativo di apertura file: file_inesistente_per_test.txt
  [Dummy.foo - Caso 1] -> Eccezione catturata localmente: file_inesistente_per_test.txt (File o directory non esistente)
  [Dummy.foo - Caso 1] -> Gestione completata: nessuna eccezione propagata al chiamante.
-> Il chiamante continua regolarmente senza interruzioni.

--- Caso 2 (Slide 18): Propagazione al Chiamante (Propagate to Caller) ---
Il chiamante invoca dummy.fooCase2_Propagate()...
  [Dummy.foo - Caso 2] Tentativo di apertura file (con delega al chiamante): file_inesistente_per_test.txt
-> Eccezione intercettata dal chiamante (nel main): file_inesistente_per_test.txt (File o directory non esistente)
-> Il metodo foo non l'ha gestita: l'ha delegata interamente a monte!

--- Caso 3 (Slide 19): Cattura e Rilancio (Catch and Re-throw) ---
Il chiamante invoca dummy.fooCase3_CatchAndRethrow()...
  [Dummy.foo - Caso 3] Tentativo di apertura file (cattura locale + re-throw): file_inesistente_per_test.txt
  [Dummy.foo - Caso 3] -> Intercettata localmente per log di diagnostica!
  [Dummy.foo - Caso 3] -> Ora rilancio l'eccezione al chiamante con 'throw fnf'...
-> Eccezione rilanciata intercettata dal chiamante (nel main): file_inesistente_per_test.txt (File o directory non esistente)
-> Il metodo foo ha eseguito log/cleanup locale e poi ha rilanciato con 'throw fnf'.

--- Caso Happy Path: Quando il file ESISTE ---
Creato file temporaneo: demo_es27_15917601686585258241.txt
  [Dummy.foo - Caso 1] Tentativo di apertura file: /tmp/demo_es27_15917601686585258241.txt
  [Dummy.foo - Caso 1] File aperto con successo!
  [Dummy.foo - Caso 2] Tentativo di apertura file (con delega al chiamante): /tmp/demo_es27_15917601686585258241.txt
  [Dummy.foo - Caso 3] Tentativo di apertura file (cattura locale + re-throw): /tmp/demo_es27_15917601686585258241.txt
-> Tutti e 3 i metodi sono stati eseguiti con successo senza sollevare eccezioni.

-------------------------------------------------

=== es27.pkg7: Exceptions and Loops (Slide T17 p. 27-28) ===
Dataset in input: [Dato_1, Dato_2, ERRORE, Dato_4, Dato_5]

--- 1. Slide 27: Try DENTRO il ciclo (recupero iterazione per iterazione) ---
  [Dentro Loop] Iterazione 0: elemento 'Dato_1' elaborato con successo.
  [Dentro Loop] Iterazione 1: elemento 'Dato_2' elaborato con successo.
  [Dentro Loop] Iterazione 2: ERRORE LOCALE intercettato (Dato non valido o corrotto: 'ERRORE'). Elemento scartato, si prosegue!
  [Dentro Loop] Iterazione 3: elemento 'Dato_4' elaborato con successo.
  [Dentro Loop] Iterazione 4: elemento 'Dato_5' elaborato con successo.
-> Risultato finale Slide 27: [Dato_1, Dato_2, Dato_4, Dato_5]
   (Nota: 'ERRORE' è stato saltato, ma 'Dato_4' e 'Dato_5' sono stati elaborati!)

--- 2. Slide 28: Try FUORI dal ciclo (errore critico per l'intero ciclo) ---
  [Fuori Loop] Iterazione 0: elemento 'Dato_1' elaborato con successo.
  [Fuori Loop] Iterazione 1: elemento 'Dato_2' elaborato con successo.
  [Fuori Loop] ERRORE GLOBALE intercettato all'iterazione 2 (Dato non valido o corrotto: 'ERRORE')!
  [Fuori Loop] Il ciclo while è stato INTERROTTO DEFINITIVAMENTE. Gli elementi successivi vengono ignorati.
-> Risultato finale Slide 28: [Dato_1, Dato_2]
   (Nota: il ciclo si è fermato a 'ERRORE'; 'Dato_4' e 'Dato_5' NON sono mai stati esaminati!)

--- 3. Slide 27: Pattern 'while (true)' con tentativi ripetuti ---
  [Retry while(true)] Tentativo con input: 'FAIL'
  [Retry while(true)] Fallito (Dato non valido o corrotto: 'FAIL'), riprovo al prossimo ciclo...
  [Retry while(true)] Tentativo con input: 'ERRORE'
  [Retry while(true)] Fallito (Dato non valido o corrotto: 'ERRORE'), riprovo al prossimo ciclo...
  [Retry while(true)] Tentativo con input: 'DATO_CORRETTO'
  [Retry while(true)] Successo! Esco dal ciclo con break.
-> Valore ottenuto con successo: DATO_CORRETTO

=================================================
          TUTTI GLI ESEMPI COMPLETATI            
=================================================
]]></system-out>
  </testcase>
</testsuite>