<?xml version="1.0" encoding="UTF-8"?>
<testsuite xmlns:xsi="http://www.w3.org/2001/XMLSchema-instance" xsi:noNamespaceSchemaLocation="https://maven.apache.org/surefire/maven-surefire-plugin/xsd/surefire-test-report.xsd" version="3.0.2" name="es26.pkg3.MainTest" time="0.054" tests="5" errors="0" skipped="0" failures="0">
  <properties>
[...]
</properties>
  <testcase name="testSortStrings" classname="es26.pkg3.MainTest" time="0.007"/>
  <testcase name="testSortNonComparableThrowsClassCastException" classname="es26.pkg3.MainTest" time="0.007"/>
  <testcase name="testMainExecution" classname="es26.pkg3.MainTest" time="0.007">
    <system-out><![CDATA[=== es26.pkg3: Arrays.sort(Object[] arr) con Ordinamento Naturale ===

--- 1. Ordinamento di String[] e Integer[] ---
String[] prima del sort: [Zeno, Anna, Mario, Bob]
String[] dopo il sort:  [Anna, Bob, Mario, Zeno]
Integer[] prima del sort: [42, 10, 88, 5, 23]
Integer[] dopo il sort:  [5, 10, 23, 42, 88]

--- 2. Ordinamento di Person[] (implements Comparable<Person>) ---
Person[] prima del sort: [Person(Sam), Person(Alice), Person(Bob)]
Person[] dopo il sort:  [Person(Alice), Person(Bob), Person(Sam)]

--- 3. Trappola a Runtime con classe non-Comparable (Cane[]) ---
Cane[] prima del tentativo di sort: [Cane(Fido), Cane(Bobby), Cane(Rex)]
Eccezione intercettata a runtime: class es26.pkg3.Cane cannot be cast to class java.lang.Comparable (es26.pkg3.Cane is in unnamed module of loader 'app'; java.lang.Comparable is in module java.base of loader 'bootstrap')
// MOTIVO: Cane non implementa Comparable, e Arrays.sort(Object[])
// non ha vincoli parametrici a tempo di compilazione.
]]></system-out>
  </testcase>
  <testcase name="testSortPersonComparable" classname="es26.pkg3.MainTest" time="0.007"/>
  <testcase name="testSortIntegers" classname="es26.pkg3.MainTest" time="0.004"/>
</testsuite>