<?xml version="1.0" encoding="UTF-8"?>
<testsuite xmlns:xsi="http://www.w3.org/2001/XMLSchema-instance" xsi:noNamespaceSchemaLocation="https://maven.apache.org/surefire/maven-surefire-plugin/xsd/surefire-test-report.xsd" version="3.0.2" name="es26.MainTest" time="0.02" tests="1" errors="0" skipped="0" failures="0">
  <properties>
[...]
</properties>
  <testcase name="testTopLevelMainExecution" classname="es26.MainTest" time="0.015">
    <system-out><![CDATA[=================================================
      ESERCIZIO 26: JAVA COLLECTIONS FRAMEWORK   
=================================================

Dimensione lista: 5
Person(Joe)
Person(Sam)
Person(Bob)
Person(Alice)
Person(Joe)
Person(Joe)
Person(Sam)
Person(Bob)
Person(Alice)
Person(Joe)
Person(Joe)
Person(Sam)
Person(Bob)
// ConcurrentModificationException intercettata!
Person(Joe)
Person(Sam)
Person(Alice)
Person(Joe)
Dimensione set: 2
Person(Joe)
Person(Sam)
  - Person(Joe)
  - Person(Sam)
Lunghezza array: 2
Contenuto array: [Person(Joe), Person(Sam)]

=== es26.pkg2: Ordinamento con Comparable e Comparator ===

--- 1. Ordinamento di List<Person> con Comparable<Person> ---
Prima del sort: [Person(Sam), Person(Alice), Person(Bob)]
Dopo Collections.sort(personList): [Person(Alice), Person(Bob), Person(Sam)]

--- 2. Ordinamento di List<Student> con Comparable<? super Student> ---
Prima del sort: [Student(Sam, matr. 103), Student(Alice, matr. 101), Student(Bob, matr. 102)]
Dopo Collections.sort(studentList) [ordine naturale ereditato da Person]: [Student(Alice, matr. 101), Student(Bob, matr. 102), Student(Sam, matr. 103)]

--- 3. Ordinamento di Student con Comparator (3 modi per matricola) ---
Lista prima dell'ordinamento per matricola: [Student(Zeno, matr. 300), Student(Anna, matr. 100), Student(Mario, matr. 200)]
Modo 1 [Classe Dedicata - Matricola crescente]: [Student(Anna, matr. 100), Student(Mario, matr. 200), Student(Zeno, matr. 300)]
Modo 2 [Classe Anonima - Matricola decrescente]: [Student(Zeno, matr. 300), Student(Mario, matr. 200), Student(Anna, matr. 100)]
Modo 3 [Espressione Lambda - Matricola crescente]: [Student(Anna, matr. 100), Student(Mario, matr. 200), Student(Zeno, matr. 300)]
Modo 3 bis [Lambda inline - Matricola decrescente]: [Student(Zeno, matr. 300), Student(Mario, matr. 200), Student(Anna, matr. 100)]

=== es26.pkg3: Arrays.sort(Object[] arr) con Ordinamento Naturale ===

--- 1. Ordinamento di String[] e Integer[] ---
String[] prima del sort: [Zeno, Anna, Mario, Bob]
String[] dopo il sort:  [Anna, Bob, Mario, Zeno]
Integer[] prima del sort: [42, 10, 88, 5, 23]
Integer[] dopo il sort:  [5, 10, 23, 42, 88]

--- 2. Ordinamento di Person[] (implements Comparable<Person>) ---
Person[] prima del sort: [Person(Sam), Person(Alice), Person(Bob)]
Person[] dopo il sort:  [Person(Alice), Person(Bob), Person(Sam)]

--- 3. Trappola a Runtime con classe non-Comparable (Cane[]) ---
Cane[] prima del tentativo di sort: [Cane(Fido), Cane(Bobby), Cane(Rex)]
Eccezione intercettata a runtime: class es26.pkg3.Cane cannot be cast to class java.lang.Comparable (es26.pkg3.Cane is in unnamed module of loader 'app'; java.lang.Comparable is in module java.base of loader 'bootstrap')
// MOTIVO: Cane non implementa Comparable, e Arrays.sort(Object[])
// non ha vincoli parametrici a tempo di compilazione.

=== es26.pkg4: Arrays.sort(T[], Comparator<? super T>) Type-Safe ===

Array originale di partenza:
[Student(Zeno, matr. 300), Student(Anna, matr. 100), Student(Mario, matr. 200)]

--- Modo 1: Classe Dedicata (Matricola crescente) ---
[Student(Anna, matr. 100), Student(Mario, matr. 200), Student(Zeno, matr. 300)]

--- Modo 2: Classe Anonima (Matricola decrescente) ---
[Student(Zeno, matr. 300), Student(Mario, matr. 200), Student(Anna, matr. 100)]

--- Modo 3: Espressione Lambda (Matricola crescente) ---
[Student(Anna, matr. 100), Student(Mario, matr. 200), Student(Zeno, matr. 300)]

--- Modo 3 bis: Lambda inline diretta (Matricola decrescente) ---
[Student(Zeno, matr. 300), Student(Mario, matr. 200), Student(Anna, matr. 100)]

--- Bonus PECS: Comparator<Person> usato su Student[] (per nome) ---
Studenti ordinati per nome tramite Comparator<Person>: [Student(Anna, matr. 100), Student(Mario, matr. 200), Student(Zeno, matr. 300)]

=================================================
          TUTTI GLI ESEMPI COMPLETATI            
=================================================
]]></system-out>
  </testcase>
</testsuite>